<?xml version="1.0" encoding="UTF-8"?>
<testsuite name="com.redis.redis.RedisApplicationTests" tests="1" skipped="0" failures="0" errors="0" timestamp="2024-01-29T08:21:10" hostname="inbokui-MacBookPro.local" time="0.438">
  <properties/>
  <testcase name="contextLoads()" classname="com.redis.redis.RedisApplicationTests" time="0.438"/>
  <system-out><![CDATA[17:21:09.915 [Test worker] INFO org.springframework.test.context.support.AnnotationConfigContextLoaderUtils -- Could not detect default configuration classes for test class [com.redis.redis.RedisApplicationTests]: RedisApplicationTests does not declare any static, non-private, non-final, nested classes annotated with @Configuration.
17:21:09.961 [Test worker] INFO org.springframework.boot.test.context.SpringBootTestContextBootstrapper -- Found @SpringBootConfiguration com.redis.redis.RedisApplication for test class com.redis.redis.RedisApplicationTests

  .   ____          _            __ _ _
 /\\ / ___'_ __ _ _(_)_ __  __ _ \ \ \ \
( ( )\___ | '_ | '_| | '_ \/ _` | \ \ \ \
 \\/  ___)| |_)| | | | | || (_| |  ) ) ) )
  '  |____| .__|_| |_|_| |_\__, | / / / /
 =========|_|==============|___/=/_/_/_/
 :: Spring Boot ::                (v3.2.2)

2024-01-29T17:21:10.116+09:00  INFO 30903 --- [    Test worker] com.redis.redis.RedisApplicationTests    : Starting RedisApplicationTests using Java 21.0.1 with PID 30903 (started by inbok in /Users/inbok/Desktop/project workspace/Study/spring-study/spring-boot-redis)
2024-01-29T17:21:10.117+09:00  INFO 30903 --- [    Test worker] com.redis.redis.RedisApplicationTests    : No active profile set, falling back to 1 default profile: "default"
2024-01-29T17:21:10.353+09:00  INFO 30903 --- [    Test worker] .s.d.r.c.RepositoryConfigurationDelegate : Multiple Spring Data modules found, entering strict repository configuration mode
2024-01-29T17:21:10.354+09:00  INFO 30903 --- [    Test worker] .s.d.r.c.RepositoryConfigurationDelegate : Bootstrapping Spring Data Redis repositories in DEFAULT mode.
2024-01-29T17:21:10.367+09:00  INFO 30903 --- [    Test worker] .s.d.r.c.RepositoryConfigurationDelegate : Finished Spring Data repository scanning in 5 ms. Found 0 Redis repository interfaces.
2024-01-29T17:21:10.836+09:00  INFO 30903 --- [    Test worker] com.redis.redis.RedisApplicationTests    : Started RedisApplicationTests in 0.818 seconds (process running for 1.342)
]]></system-out>
  <system-err><![CDATA[WARNING: A Java agent has been loaded dynamically (/Users/inbok/.gradle/caches/modules-2/files-2.1/net.bytebuddy/byte-buddy-agent/1.14.11/f9cb566608fbac6bc7bf54901a7aa11543a989ee/byte-buddy-agent-1.14.11.jar)
WARNING: If a serviceability tool is in use, please run with -XX:+EnableDynamicAgentLoading to hide this warning
WARNING: If a serviceability tool is not in use, please run with -Djdk.instrument.traceUsage for more information
WARNING: Dynamic loading of agents will be disallowed by default in a future release
]]></system-err>
</testsuite>
